<?xml version="1.0" encoding="UTF-8"?>
<testsuites name="jest tests" tests="4" failures="0" time="2.989">
  <testsuite name="List tests" errors="0" failures="0" skipped="0" timestamp="2021-06-02T01:11:33" time="2.317" tests="4">
    <testcase classname="List tests" name="Poprawnie wyświetla input" time="0.004">
    </testcase>
    <testcase classname="List tests" name="Poprawnie wyświetla button" time="0">
    </testcase>
    <testcase classname="List tests" name="Po kliknięciu w button, typ inputa zmienia się na text" time="0.004">
    </testcase>
    <testcase classname="List tests" name="Po kliknięciu w button ponownie, typ inputa wraca do typu password" time="0.001">
    </testcase>
  </testsuite>
</testsuites>